Change Physical Footprint: Designator=ANT Old Footprint=JTW2G44AN1608T80 New Footprint=JTW2G44AN1608T80
Change Physical Footprint: Designator=C1 Old Footprint=Passive (0402, 1005) New Footprint=Passive (0402, 1005)
Change Physical Footprint: Designator=C2 Old Footprint=Passive (0402, 1005) New Footprint=Passive (0402, 1005)
Change Physical Footprint: Designator=C3 Old Footprint=PASSIVE (0201, 0603) New Footprint=PASSIVE (0201, 0603)
Change Physical Footprint: Designator=C4 Old Footprint=Passive (0603, 1608) New Footprint=Passive (0603, 1608)
Change Physical Footprint: Designator=C5 Old Footprint=PASSIVE (0201, 0603) New Footprint=PASSIVE (0201, 0603)
Change Physical Footprint: Designator=C6 Old Footprint=PASSIVE (0201, 0603) New Footprint=PASSIVE (0201, 0603)
Change Physical Footprint: Designator=C7 Old Footprint=Passive (0402, 1005) New Footprint=Passive (0402, 1005)
Change Physical Footprint: Designator=C8 Old Footprint=PASSIVE (0201, 0603) New Footprint=PASSIVE (0201, 0603)
Change Physical Footprint: Designator=C9 Old Footprint=PASSIVE (0201, 0603) New Footprint=PASSIVE (0201, 0603)
Change Physical Footprint: Designator=C10 Old Footprint=PASSIVE (0201, 0603) New Footprint=PASSIVE (0201, 0603)
Change Physical Footprint: Designator=C11 Old Footprint=Passive (0402, 1005) New Footprint=Passive (0402, 1005)
Change Physical Footprint: Designator=C12 Old Footprint=Passive (0402, 1005) New Footprint=Passive (0402, 1005)
Change Physical Footprint: Designator=C14 Old Footprint=PASSIVE (0201, 0603) New Footprint=PASSIVE (0201, 0603)
Change Physical Footprint: Designator=C15 Old Footprint=PASSIVE (0201, 0603) New Footprint=PASSIVE (0201, 0603)
Change Physical Footprint: Designator=C16 Old Footprint=PASSIVE (0201, 0603) New Footprint=PASSIVE (0201, 0603)
Change Physical Footprint: Designator=C21 Old Footprint=PASSIVE (0201, 0603) New Footprint=PASSIVE (0201, 0603)
Change Physical Footprint: Designator=C22 Old Footprint=PASSIVE (0201, 0603) New Footprint=PASSIVE (0201, 0603)
Change Physical Footprint: Designator=C23 Old Footprint=Passive (0402, 1005) New Footprint=Passive (0402, 1005)
Change Physical Footprint: Designator=C40 Old Footprint=PASSIVE (0201, 0603) New Footprint=PASSIVE (0201, 0603)
Change Physical Footprint: Designator=C41 Old Footprint=PASSIVE (0201, 0603) New Footprint=PASSIVE (0201, 0603)
Change Physical Footprint: Designator=C42 Old Footprint=PASSIVE (0201, 0603) New Footprint=PASSIVE (0201, 0603)
Change Physical Footprint: Designator=C43 Old Footprint=PASSIVE (0201, 0603) New Footprint=PASSIVE (0201, 0603)
Change Physical Footprint: Designator=C47 Old Footprint=PASSIVE (0201, 0603) New Footprint=PASSIVE (0201, 0603)
Change Physical Footprint: Designator=C48 Old Footprint=PASSIVE (0201, 0603) New Footprint=PASSIVE (0201, 0603)
Change Physical Footprint: Designator=C49 Old Footprint=PASSIVE (0201, 0603) New Footprint=PASSIVE (0201, 0603)
Change Physical Footprint: Designator=C50 Old Footprint=PASSIVE (0201, 0603) New Footprint=PASSIVE (0201, 0603)
Change Physical Footprint: Designator=C52 Old Footprint=PASSIVE (0201, 0603) New Footprint=PASSIVE (0201, 0603)
Change Physical Footprint: Designator=C53 Old Footprint=PASSIVE (0201, 0603) New Footprint=PASSIVE (0201, 0603)
Change Physical Footprint: Designator=C54 Old Footprint=PASSIVE (0201, 0603) New Footprint=PASSIVE (0201, 0603)
Change Physical Footprint: Designator=c60 Old Footprint=Passive (0402, 1005) New Footprint=Passive (0402, 1005)
Change Physical Footprint: Designator=C61 Old Footprint=Passive (0402, 1005) New Footprint=Passive (0402, 1005)
Change Physical Footprint: Designator=C62 Old Footprint=Passive (0402, 1005) New Footprint=Passive (0402, 1005)
Change Physical Footprint: Designator=C63 Old Footprint=Passive (0402, 1005) New Footprint=Passive (0402, 1005)
Change Physical Footprint: Designator=C64 Old Footprint=Passive (0402, 1005) New Footprint=Passive (0402, 1005)
Change Physical Footprint: Designator=C65 Old Footprint=Passive (0402, 1005) New Footprint=Passive (0402, 1005)
Change Physical Footprint: Designator=C66 Old Footprint=Passive (0402, 1005) New Footprint=Passive (0402, 1005)
Change Physical Footprint: Designator=C67 Old Footprint=Passive (0402, 1005) New Footprint=Passive (0402, 1005)
Change Physical Footprint: Designator=C68 Old Footprint=Passive (0402, 1005) New Footprint=Passive (0402, 1005)
Change Physical Footprint: Designator=C69 Old Footprint=Passive (0402, 1005) New Footprint=Passive (0402, 1005)
Change Physical Footprint: Designator=C69 Old Footprint=Passive (0402, 1005) New Footprint=Passive (0402, 1005)
Change Physical Footprint: Designator=C79 Old Footprint=Passive (0402, 1005) New Footprint=Passive (0402, 1005)
Change Physical Footprint: Designator=C80 Old Footprint=Passive (0402, 1005) New Footprint=Passive (0402, 1005)
Change Physical Footprint: Designator=C81 Old Footprint=Passive (0402, 1005) New Footprint=Passive (0402, 1005)
Change Physical Footprint: Designator=C86 Old Footprint=Passive (0402, 1005) New Footprint=Passive (0402, 1005)
Change Physical Footprint: Designator=clk1 Old Footprint=24mhz creatway clock New Footprint=24mhz creatway clock
Change Physical Footprint: Designator=D1 Old Footprint=Diode New Footprint=Diode
Change Physical Footprint: Designator=D2 Old Footprint=Diode New Footprint=Diode
Change Physical Footprint: Designator=D3 Old Footprint=Diode New Footprint=Diode
Change Physical Footprint: Designator=D5 Old Footprint=Diode New Footprint=Diode
Change Physical Footprint: Designator=L1 Old Footprint=Passive (0603, 1608) New Footprint=Passive (0603, 1608)
Change Physical Footprint: Designator=L2 Old Footprint=Passive (0603, 1608) New Footprint=Passive (0603, 1608)
Change Physical Footprint: Designator=L6 Old Footprint=Passive (0603, 1608) New Footprint=Passive (0603, 1608)
Change Physical Footprint: Designator=L7 Old Footprint=Passive (0603, 1608) New Footprint=Passive (0603, 1608)
Change Physical Footprint: Designator=L8 Old Footprint=Passive (0402, 1005) New Footprint=Passive (0402, 1005)
Change Physical Footprint: Designator=L9 Old Footprint=Passive (0603, 1608) New Footprint=Passive (0603, 1608)
Change Physical Footprint: Designator=L10 Old Footprint=Passive (0603, 1608) New Footprint=Passive (0603, 1608)
Change Physical Footprint: Designator=L11 Old Footprint=Passive (0603, 1608) New Footprint=Passive (0603, 1608)
Change Physical Footprint: Designator=L12 Old Footprint=Passive (0603, 1608) New Footprint=Passive (0603, 1608)
Change Physical Footprint: Designator=R8 Old Footprint=PASSIVE (0201, 0603) New Footprint=PASSIVE (0201, 0603)
Change Physical Footprint: Designator=R9 Old Footprint=PASSIVE (0201, 0603) New Footprint=PASSIVE (0201, 0603)
Change Physical Footprint: Designator=R10 Old Footprint=PASSIVE (0201, 0603) New Footprint=PASSIVE (0201, 0603)
Change Physical Footprint: Designator=R12 Old Footprint=PASSIVE (0201, 0603) New Footprint=PASSIVE (0201, 0603)
Change Physical Footprint: Designator=R20 Old Footprint=PASSIVE (0201, 0603) New Footprint=PASSIVE (0201, 0603)
Change Physical Footprint: Designator=R21 Old Footprint=PASSIVE (0201, 0603) New Footprint=PASSIVE (0201, 0603)
Change Physical Footprint: Designator=R22 Old Footprint=PASSIVE (0201, 0603) New Footprint=PASSIVE (0201, 0603)
Change Physical Footprint: Designator=R23 Old Footprint=PASSIVE (0201, 0603) New Footprint=PASSIVE (0201, 0603)
Change Physical Footprint: Designator=R44 Old Footprint=PASSIVE (0201, 0603) New Footprint=PASSIVE (0201, 0603)
Change Physical Footprint: Designator=R45 Old Footprint=PASSIVE (0201, 0603) New Footprint=PASSIVE (0201, 0603)
Change Physical Footprint: Designator=R46 Old Footprint=PASSIVE (0201, 0603) New Footprint=PASSIVE (0201, 0603)
Change Physical Footprint: Designator=R47 Old Footprint=PASSIVE (0201, 0603) New Footprint=PASSIVE (0201, 0603)
Change Physical Footprint: Designator=R48 Old Footprint=PASSIVE (0201, 0603) New Footprint=PASSIVE (0201, 0603)
Change Physical Footprint: Designator=R54 Old Footprint=PASSIVE (0201, 0603) New Footprint=PASSIVE (0201, 0603)
Change Physical Footprint: Designator=R56 Old Footprint=PASSIVE (0201, 0603) New Footprint=PASSIVE (0201, 0603)
Change Physical Footprint: Designator=R57 Old Footprint=PASSIVE (0201, 0603) New Footprint=PASSIVE (0201, 0603)
Change Physical Footprint: Designator=U1 Old Footprint=RSM0032B New Footprint=RSM0032B
Change Physical Footprint: Designator=U3 Old Footprint=TPS6274 New Footprint=TPS6274
Change Physical Footprint: Designator=U4 Old Footprint=LSM9DS1 New Footprint=LSM9DS1
Change Physical Footprint: Designator=U7 Old Footprint=TPS64121 New Footprint=TPS64121
Change Physical Footprint: Designator=U8 Old Footprint=MAX86160 New Footprint=MAX86160
Change Physical Footprint: Designator=U9 Old Footprint=TPS6274 New Footprint=TPS6274
Change Physical Footprint: Designator=U10 Old Footprint=MAX30102 New Footprint=MAX30102
