Removed Pin From Net: NetName=GND Pin=C9-1
Removed Pin From Net: NetName=VDD Pin=C10-1
Removed Pin From Net: NetName=GND Pin=C10-2
Removed Pin From Net: NetName=GND Pin=C14-1
Removed Pin From Net: NetName=GND Pin=C22-1
Removed Pin From Net: NetName=VDD Pin=C22-2
Removed Pin From Net: NetName=GND Pin=C23-1
Removed Pin From Net: NetName=VDD Pin=C23-2
Removed Pin From Net: NetName=X24M_P Pin=C80-2
Removed Pin From Net: NetName=X24M_P Pin=clk1-
Removed Pin From Net: NetName=GND Pin=U1-V1
Removed Pin From Net: NetName=GND Pin=U1-V2
Removed Pin From Net: NetName=GND Pin=U1-V3
Removed Pin From Net: NetName=GND Pin=U1-V4
Removed Pin From Net: NetName=GND Pin=U1-V5
Removed Pin From Net: NetName=VDD Pin=U4-1
Removed Pin From Net: NetName=3V3_SCLK Pin=U4-2
Removed Pin From Net: NetName=VDD Pin=U4-3
Removed Pin From Net: NetName=3V3_SDA Pin=U4-4
Removed Pin From Net: NetName=GND Pin=U4-5
Removed Pin From Net: NetName=GND Pin=U4-6
Removed Pin From Net: NetName=VDD Pin=U4-7
Removed Pin From Net: NetName=VDD Pin=U4-8
Removed Pin From Net: NetName=GND Pin=U4-14
Removed Pin From Net: NetName=GND Pin=U4-15
Removed Pin From Net: NetName=GND Pin=U4-16
Removed Pin From Net: NetName=GND Pin=U4-17
Removed Pin From Net: NetName=GND Pin=U4-18
Removed Pin From Net: NetName=GND Pin=U4-19
Removed Pin From Net: NetName=GND Pin=U4-20
Removed Pin From Net: NetName=VDD Pin=U4-22
Removed Pin From Net: NetName=VDD Pin=U4-23
Removed Member From Class: ClassName=Flytta-33 Member=C9
Removed Member From Class: ClassName=Flytta-33 Member=C10
Removed Member From Class: ClassName=Flytta-33 Member=C14
Removed Member From Class: ClassName=Flytta-33 Member=C22
Removed Member From Class: ClassName=Flytta-33 Member=C23
Removed Member From Class: ClassName=Flytta-33 Member=U4
Added Component: Designator=C45(PASSIVE (0201, 0603))
Add component (AddParameter): Name = "Value"; Value = ""; VariantName = "[No Variations]"
Added Component: Designator=C46(PASSIVE (0201, 0603))
Add component (AddParameter): Name = "Value"; Value = ""; VariantName = "[No Variations]"
Added Component: Designator=C55(PASSIVE (0201, 0603))
Add component (AddParameter): Name = "Value"; Value = ""; VariantName = "[No Variations]"
Added Component: Designator=C61(PASSIVE (0201, 0603))
Add component (AddParameter): Name = "Value"; Value = ""; VariantName = "[No Variations]"
Added Component: Designator=R11(PASSIVE (0201, 0603))
Add component (AddParameter): Name = "Value"; Value = ""; VariantName = "[No Variations]"
Added Component: Designator=R49(PASSIVE (0201, 0603))
Add component (AddParameter): Name = "Value"; Value = ""; VariantName = "[No Variations]"
Added Component: Designator=R50(PASSIVE (0201, 0603))
Add component (AddParameter): Name = "Value"; Value = ""; VariantName = "[No Variations]"
Added Component: Designator=(ABS07)
Added Component: Designator=U7(BNO055)
Added Pin To Net: NetName=GND Pin=C45-2
Added Pin To Net: NetName=GND Pin=C46-2
Added Pin To Net: NetName=VDD Pin=C55-1
Added Pin To Net: NetName=GND Pin=C55-2
Added Pin To Net: NetName=GND Pin=C61-2
Added Pin To Net: NetName=GND Pin=R11-2
Added Pin To Net: NetName=GND Pin=R49-2
Added Pin To Net: NetName=GND Pin=R50-2
Added Pin To Net: NetName=GND Pin=U7-2
Added Pin To Net: NetName=VDD Pin=U7-3
Added Pin To Net: NetName=VDD Pin=U7-4
Added Pin To Net: NetName=GND Pin=U7-10
Added Pin To Net: NetName=GND Pin=U7-15
Added Pin To Net: NetName=GND Pin=U7-16
Added Pin To Net: NetName=GND Pin=U7-18
Added Pin To Net: NetName=3V3_SCLK Pin=U7-19
Added Pin To Net: NetName=3V3_SDA Pin=U7-20
Added Pin To Net: NetName=GND Pin=U7-25
Added Pin To Net: NetName=VDD Pin=U7-28
Added Pin To Net: NetName=INT Pin=U7-14
Added Net: Name=INT
Added Pin To Net: NetName=Net_2 Pin=-2
Added Pin To Net: NetName=Net_2 Pin=C45-1
Added Pin To Net: NetName=Net_2 Pin=U7-26
Added Net: Name=Net_2
Added Pin To Net: NetName=NetC61_1 Pin=C61-1
Added Pin To Net: NetName=NetC61_1 Pin=U7-9
Added Net: Name=NetC61_1
Added Pin To Net: NetName=NetR11_1 Pin=R11-1
Added Pin To Net: NetName=NetR11_1 Pin=U7-17
Added Net: Name=NetR11_1
Added Pin To Net: NetName=NetR49_1 Pin=R49-1
Added Pin To Net: NetName=NetR49_1 Pin=U7-5
Added Net: Name=NetR49_1
Added Pin To Net: NetName=NetR50_1 Pin=R50-1
Added Pin To Net: NetName=NetR50_1 Pin=U7-6
Added Net: Name=NetR50_1
Added Pin To Net: NetName=NRESET Pin=U7-11
Added Net: Name=NRESET
Added Pin To Net: NetName=XIN32 Pin=-1
Added Pin To Net: NetName=XIN32 Pin=C46-1
Added Pin To Net: NetName=XIN32 Pin=U7-27
Added Net: Name=XIN32
Change Class Name : Old Net Name=Flytta-33 New Net Name=Flytta-34
Added Member To Class: ClassName=Flytta-34 Member=Component C45 22pF
Added Member To Class: ClassName=Flytta-34 Member=Component C46 22pF
Added Member To Class: ClassName=Flytta-34 Member=Component C55 22pF
Added Member To Class: ClassName=Flytta-34 Member=Component C61 22pF
Added Member To Class: ClassName=Flytta-34 Member=Component R11 10K
Added Member To Class: ClassName=Flytta-34 Member=Component R49 10K
Added Member To Class: ClassName=Flytta-34 Member=Component R50 10K
Added Member To Class: ClassName=Flytta-34 Member=Component  ABS07-32.768KHZ-7-T
Added Member To Class: ClassName=Flytta-34 Member=Component U7 BNO055
