Removed Pin From Net: NetName=NetC69_1 Pin=C70-1
Removed Pin From Net: NetName=Neta1_1 Pin=C70-2
Removed Pin From Net: NetName=X24M_P Pin=C80-1
Removed Pin From Net: NetName=GND Pin=C80-2
Removed Pin From Net: NetName=GND Pin=C81-1
Removed Pin From Net: NetName=X24M_N Pin=C81-
Removed Pin From Net: NetName=GND Pin=L5-1
Removed Pin From Net: NetName=Neta1_1 Pin=L5-2
Removed Pin From Net: NetName=X24M_N Pin=Y1_1-1
Removed Pin From Net: NetName=GND Pin=Y1_1-2
Removed Pin From Net: NetName=X24M_P Pin=Y1_1-3
Removed Pin From Net: NetName=GND Pin=Y1_1-4
Removed Member From Class: ClassName=Flytta-32 Member=L5
Change Component Comment : Designator=C70 Old Comment=0.5pF New Comment=0.3pf
Added Component: Designator=C71(RAD-0.3)
Add component (AddParameter): Name = "LatestRevisionDate"; Value = "17-Jul-2002"; VariantName = "[No Variations]"
Add component (AddParameter): Name = "LatestRevisionNote"; Value = "Re-released for DXP Platform."; VariantName = "[No Variations]"
Add component (AddParameter): Name = "PackageDescription"; Value = "Radial Cap, Thru-Hole; 2 Leads; 0.3 in Pin Spacing"; VariantName = "[No Variations]"
Add component (AddParameter): Name = "PackageReference"; Value = "RAD-0.3"; VariantName = "[No Variations]"
Add component (AddParameter): Name = "Published"; Value = "8-Jun-2000"; VariantName = "[No Variations]"
Add component (AddParameter): Name = "Publisher"; Value = "Altium Limited"; VariantName = "[No Variations]"
Add component (AddParameter): Name = "Value"; Value = "1.6pf"; VariantName = "[No Variations]"
Added Component: Designator=C72(RAD-0.3)
Add component (AddParameter): Name = "LatestRevisionDate"; Value = "17-Jul-2002"; VariantName = "[No Variations]"
Add component (AddParameter): Name = "LatestRevisionNote"; Value = "Re-released for DXP Platform."; VariantName = "[No Variations]"
Add component (AddParameter): Name = "PackageDescription"; Value = "Radial Cap, Thru-Hole; 2 Leads; 0.3 in Pin Spacing"; VariantName = "[No Variations]"
Add component (AddParameter): Name = "PackageReference"; Value = "RAD-0.3"; VariantName = "[No Variations]"
Add component (AddParameter): Name = "Published"; Value = "8-Jun-2000"; VariantName = "[No Variations]"
Add component (AddParameter): Name = "Publisher"; Value = "Altium Limited"; VariantName = "[No Variations]"
Add component (AddParameter): Name = "Value"; Value = "3pf"; VariantName = "[No Variations]"
Added Component: Designator=Y1(TSX-3225)
Added Pin To Net: NetName=GND Pin=C70-1
Added Pin To Net: NetName=NetC69_1 Pin=C70-2
Added Pin To Net: NetName=NetC69_1 Pin=C71-1
Added Pin To Net: NetName=Neta1_1 Pin=C71-2
Added Pin To Net: NetName=GND Pin=C72-1
Added Pin To Net: NetName=Neta1_1 Pin=C72-2
Added Pin To Net: NetName=X24M_N Pin=Y1-1
Added Pin To Net: NetName=GND Pin=Y1-2
Added Pin To Net: NetName=X24M_P Pin=Y1-3
Added Pin To Net: NetName=GND Pin=Y1-4
Added Member To Class: ClassName=Flytta-32 Member=Component C71 Cap
Added Member To Class: ClassName=Flytta-32 Member=Component C72 Cap
Added Member To Class: ClassName=Flytta-32 Member=Component Y1 24MHz crystal
